<?xml version="1.0" encoding="UTF-8"?>
<testng-results ignored="0" total="2" passed="2" failed="0" skipped="0">
  <reporter-output>
  </reporter-output>
  <suite started-at="2026-04-15T09:02:10 IST" name="Suite" finished-at="2026-04-15T09:02:48 IST" duration-ms="37823">
    <groups>
    </groups>
    <test started-at="2026-04-15T09:02:10 IST" name="Test" finished-at="2026-04-15T09:02:48 IST" duration-ms="37823">
      <class name="TestCases.LoginTest">
        <test-method is-config="true" signature="setup()[pri:0, instance:TestCases.LoginTest@126253fd]" started-at="2026-04-15T09:02:35 IST" name="setup" finished-at="2026-04-15T09:02:39 IST" duration-ms="3570" status="PASS">
          <reporter-output>
          </reporter-output>
        </test-method> <!-- setup -->
        <test-method signature="testlogin()[pri:1, instance:TestCases.LoginTest@126253fd]" started-at="2026-04-15T09:02:39 IST" name="testlogin" finished-at="2026-04-15T09:02:39 IST" duration-ms="726" status="PASS">
          <reporter-output>
          </reporter-output>
        </test-method> <!-- testlogin -->
        <test-method is-config="true" signature="teardown()[pri:0, instance:TestCases.LoginTest@126253fd]" started-at="2026-04-15T09:02:39 IST" name="teardown" finished-at="2026-04-15T09:02:48 IST" duration-ms="8444" status="PASS">
          <reporter-output>
          </reporter-output>
        </test-method> <!-- teardown -->
      </class> <!-- TestCases.LoginTest -->
      <class name="TestCases.ProductTest">
        <test-method is-config="true" signature="setup()[pri:0, instance:TestCases.ProductTest@7139992f]" started-at="2026-04-15T09:02:10 IST" name="setup" finished-at="2026-04-15T09:02:14 IST" duration-ms="4112" status="PASS">
          <reporter-output>
          </reporter-output>
        </test-method> <!-- setup -->
        <test-method signature="testlogin()[pri:2, instance:TestCases.ProductTest@7139992f]" started-at="2026-04-15T09:02:14 IST" name="testlogin" finished-at="2026-04-15T09:02:26 IST" duration-ms="12061" status="PASS">
          <reporter-output>
          </reporter-output>
        </test-method> <!-- testlogin -->
        <test-method is-config="true" signature="teardown()[pri:0, instance:TestCases.ProductTest@7139992f]" started-at="2026-04-15T09:02:26 IST" name="teardown" finished-at="2026-04-15T09:02:35 IST" duration-ms="8652" status="PASS">
          <reporter-output>
          </reporter-output>
        </test-method> <!-- teardown -->
      </class> <!-- TestCases.ProductTest -->
    </test> <!-- Test -->
  </suite> <!-- Suite -->
</testng-results>
